Arguments: 
  C:\Program Files\nodejs\node.exe C:\Users\HS Rajpoot\AppData\Roaming\npm\node_modules\yarn\bin\yarn.js

PATH: 
  C:\Users\HS Rajpoot\bin;C:\Program Files\Git\mingw64\bin;C:\Program Files\Git\usr\local\bin;C:\Program Files\Git\usr\bin;C:\Program Files\Git\usr\bin;C:\Program Files\Git\mingw64\bin;C:\Program Files\Git\usr\bin;C:\Users\HS Rajpoot\bin;C:\oracle\21c\dbhomeXE\bin;C:\WINDOWS\system32;C:\WINDOWS;C:\WINDOWS\System32\Wbem;C:\WINDOWS\System32\WindowsPowerShell\v1.0;C:\WINDOWS\System32\OpenSSH;C:\Program Files\Microsoft SQL Server\150\Tools\Binn;C:\Program Files\Microsoft SQL Server\Client SDK\ODBC\170\Tools\Binn;C:\Program Files\dotnet;C:\Program Files\Git\cmd;C:\Users\HS Rajpoot\AppData\Roaming\nvm;C:\Program Files\nodejs;C:\Program Files\PuTTY;C:\Users\HS Rajpoot\Downloads\Compressed\jdk-19_windows-x64_bin\jdk-19.0.1\bin;C:\Users\HS Rajpoot\AppData\Local\Programs\Microsoft VS Code\bin;C:\Users\HS Rajpoot\AppData\Roaming\npm;C:\Users\HS Rajpoot\.dotnet\tools;C:\Program Files\Git\usr\bin;C:\Users\HS Rajpoot\AppData\Roaming\nvm;C:\Program Files\nodejs;C:\Program Files\MongoDB\Server\6.0\bin;C:\Program Files\Git\usr\bin\vendor_perl;C:\Program Files\Git\usr\bin\core_perl

Yarn version: 
  1.22.19

Node version: 
  18.15.0

Platform: 
  win32 x64

Trace: 
  Error: https://registry.yarnpkg.com/rxjs/-/rxjs-7.8.1.tgz: ESOCKETTIMEDOUT
      at ClientRequest.<anonymous> (C:\Users\HS Rajpoot\AppData\Roaming\npm\node_modules\yarn\lib\cli.js:141517:19)
      at Object.onceWrapper (node:events:627:28)
      at ClientRequest.emit (node:events:513:28)
      at TLSSocket.emitRequestTimeout (node:_http_client:848:9)
      at Object.onceWrapper (node:events:627:28)
      at TLSSocket.emit (node:events:525:35)
      at Socket._onTimeout (node:net:570:8)
      at listOnTimeout (node:internal/timers:569:17)
      at process.processTimers (node:internal/timers:512:7)

npm manifest: 
  {
    "name": "express-typescript",
    "version": "1.0.0",
    "main": "./dist/src/index.js",
    "scripts": {
      "prebuild": "npm run swagger && npm i",
      "build": "rimraf dist && npx tsc",
      "postbuild": "npm run public:copy",
      "public:copy": "cp -r ./public/ ./dist/public/",
      "start": "node ./dist/src/app.js",
      "swagger": "tsoa spec",
      "dev": "nodemon src/app.ts"
    },
    "keywords": [],
    "author": "",
    "license": "ISC",
    "dependencies": {
      "@types/bcrypt": "^5.0.0",
      "@types/cors": "^2.8.13",
      "@types/joi": "^17.2.3",
      "@types/jsonwebtoken": "^9.0.2",
      "@types/swagger-ui-express": "^4.1.3",
      "bcrypt": "^5.1.0",
      "cloudinary": "^1.37.3",
      "cors": "^2.8.5",
      "datauri": "^4.1.0",
      "dotenv": "^16.3.1",
      "express": "^4.18.2",
      "joi": "^17.9.2",
      "joi-typescript-validator": "^0.2.0",
      "jsonwebtoken": "^9.0.0",
      "mongoose": "^7.2.2",
      "multer": "^1.4.5-lts.1",
      "multer-storage-cloudinary": "^4.0.0",
      "nodemailer": "^6.9.3",
      "randomstring": "^1.3.0",
      "swagger-ui-express": "^4.6.3",
      "ts-node": "^10.9.1"
    },
    "devDependencies": {
      "@types/express": "^4.17.17",
      "@types/multer": "^1.4.7",
      "@types/node": "^20.2.5",
      "@types/nodemailer": "^6.4.8",
      "concurrently": "^8.0.1",
      "nodemon": "^2.0.22",
      "tsoa": "^5.1.1",
      "typescript": "^5.0.4"
    },
    "description": ""
  }

yarn manifest: 
  No manifest

Lockfile: 
  No lockfile
